<?xml version="1.0" encoding="UTF-8"?>
<!-- Generated by org.testng.reporters.JUnitXMLReporter -->
<testsuite ignored="0" hostname="Micky" failures="2" tests="8" name="AddPatient" time="25.301" errors="0" timestamp="2024-05-21T17:13:58 IST">
  <testcase classname="Test.Add_Patient" name="provider_login" time="1.178"/>
  <testcase classname="Test.Add_Patient" name="dashboard" time="7.683"/>
  <testcase classname="Test.Add_Patient" name="patient_Tab" time="0.089"/>
  <testcase classname="Test.Add_Patient" name="select_POP" time="2.335">
    <failure type="org.openqa.selenium.ElementClickInterceptedException" message="element click intercepted: Element &amp;lt;span class=&amp;quot;ant-select-selection-placeholder&amp;quot;&amp;gt;...&amp;lt;/span&amp;gt; is not clickable at point (198, 282). Other element would receive the click: &amp;lt;input type=&amp;quot;search&amp;quot; autocomplete=&amp;quot;off&amp;quot; class=&amp;quot;ant-select-selection-search-input&amp;quot; role=&amp;quot;combobox&amp;quot; aria-expanded=&amp;quot;false&amp;quot; aria-haspopup=&amp;quot;listbox&amp;quot; aria-owns=&amp;quot;rc_select_0_list&amp;quot; aria-autocomplete=&amp;quot;list&amp;quot; aria-controls=&amp;quot;rc_select_0_list&amp;quot; aria-label=&amp;quot;Primary Ordering Provider&amp;quot; value=&amp;quot;&amp;quot; id=&amp;quot;rc_select_0&amp;quot;&amp;gt;
  (Session info: chrome=124.0.6367.208)
Build info: version: &amp;apos;4.20.0&amp;apos;, revision: &amp;apos;866c76ca80&amp;apos;
System info: os.name: &amp;apos;Windows 11&amp;apos;, os.arch: &amp;apos;amd64&amp;apos;, os.version: &amp;apos;10.0&amp;apos;, java.version: &amp;apos;21.0.1&amp;apos;
Driver info: org.openqa.selenium.chrome.ChromeDriver
Command: [4c8d2d0e1c8ebc75677400f8d90a1f48, clickElement {id=f.8FF3C2894D11A8E68C027B8E8DF20044.d.B97218A30ECCE615F94FD37000AD72D0.e.69}]
Capabilities {acceptInsecureCerts: false, browserName: chrome, browserVersion: 124.0.6367.208, chrome: {chromedriverVersion: 124.0.6367.207 (a9001a6e39f..., userDataDir: C:\Users\prasa\AppData\Loca...}, fedcm:accounts: true, goog:chromeOptions: {debuggerAddress: localhost:53414}, networkConnectionEnabled: false, pageLoadStrategy: normal, platformName: windows, proxy: Proxy(), se:cdp: ws://localhost:53414/devtoo..., se:cdpVersion: 124.0.6367.208, setWindowRect: true, strictFileInteractability: false, timeouts: {implicit: 0, pageLoad: 300000, script: 30000}, unhandledPromptBehavior: dismiss and notify, webauthn:extension:credBlob: true, webauthn:extension:largeBlob: true, webauthn:extension:minPinLength: true, webauthn:extension:prf: true, webauthn:virtualAuthenticators: true}
Element: [[ChromeDriver: chrome on windows (4c8d2d0e1c8ebc75677400f8d90a1f48)] -&amp;gt; xpath: //span[contains(text(),&amp;apos;Select Primary Ordering Provider&amp;apos;)]]
Session ID: 4c8d2d0e1c8ebc75677400f8d90a1f48">
      <![CDATA[org.openqa.selenium.ElementClickInterceptedException: element click intercepted: Element <span class="ant-select-selection-placeholder">...</span> is not clickable at point (198, 282). Other element would receive the click: <input type="search" autocomplete="off" class="ant-select-selection-search-input" role="combobox" aria-expanded="false" aria-haspopup="listbox" aria-owns="rc_select_0_list" aria-autocomplete="list" aria-controls="rc_select_0_list" aria-label="Primary Ordering Provider" value="" id="rc_select_0">
  (Session info: chrome=124.0.6367.208)
Build info: version: '4.20.0', revision: '866c76ca80'
System info: os.name: 'Windows 11', os.arch: 'amd64', os.version: '10.0', java.version: '21.0.1'
Driver info: org.openqa.selenium.chrome.ChromeDriver
Command: [4c8d2d0e1c8ebc75677400f8d90a1f48, clickElement {id=f.8FF3C2894D11A8E68C027B8E8DF20044.d.B97218A30ECCE615F94FD37000AD72D0.e.69}]
Capabilities {acceptInsecureCerts: false, browserName: chrome, browserVersion: 124.0.6367.208, chrome: {chromedriverVersion: 124.0.6367.207 (a9001a6e39f..., userDataDir: C:\Users\prasa\AppData\Loca...}, fedcm:accounts: true, goog:chromeOptions: {debuggerAddress: localhost:53414}, networkConnectionEnabled: false, pageLoadStrategy: normal, platformName: windows, proxy: Proxy(), se:cdp: ws://localhost:53414/devtoo..., se:cdpVersion: 124.0.6367.208, setWindowRect: true, strictFileInteractability: false, timeouts: {implicit: 0, pageLoad: 300000, script: 30000}, unhandledPromptBehavior: dismiss and notify, webauthn:extension:credBlob: true, webauthn:extension:largeBlob: true, webauthn:extension:minPinLength: true, webauthn:extension:prf: true, webauthn:virtualAuthenticators: true}
Element: [[ChromeDriver: chrome on windows (4c8d2d0e1c8ebc75677400f8d90a1f48)] -> xpath: //span[contains(text(),'Select Primary Ordering Provider')]]
Session ID: 4c8d2d0e1c8ebc75677400f8d90a1f48
at org.openqa.selenium.remote.ErrorCodec.decode(ErrorCodec.java:167)
at org.openqa.selenium.remote.codec.w3c.W3CHttpResponseCodec.decode(W3CHttpResponseCodec.java:138)
at org.openqa.selenium.remote.codec.w3c.W3CHttpResponseCodec.decode(W3CHttpResponseCodec.java:50)
at org.openqa.selenium.remote.HttpCommandExecutor.execute(HttpCommandExecutor.java:190)
at org.openqa.selenium.remote.service.DriverCommandExecutor.invokeExecute(DriverCommandExecutor.java:216)
at org.openqa.selenium.remote.service.DriverCommandExecutor.execute(DriverCommandExecutor.java:174)
at org.openqa.selenium.remote.RemoteWebDriver.execute(RemoteWebDriver.java:518)
at org.openqa.selenium.remote.RemoteWebElement.execute(RemoteWebElement.java:223)
at org.openqa.selenium.remote.RemoteWebElement.click(RemoteWebElement.java:76)
at org.openqa.selenium.support.pagefactory.internal.LocatingElementHandler.invoke(LocatingElementHandler.java:51)
at jdk.proxy2/jdk.proxy2.$Proxy13.click(Unknown Source)
at POM.Add_Patient_pg.select_POP_click(Add_Patient_pg.java:60)
at Test.Add_Patient.select_POP(Add_Patient.java:49)
at java.base/java.util.ArrayList.forEach(ArrayList.java:1596)
... Removed 31 stack frames]]>
    </failure>
  </testcase> <!-- select_POP -->
  <testcase classname="Test.Add_Patient" name="add_pat_details1" time="3.663"/>
  <testcase classname="Test.Add_Patient" name="add_Emergency_details1" time="0.0">
    <failure type="java.io.FileNotFoundException" message="D:\Automation New\Workspace\ProviderPortalAuto\src\test\resources\Properties\Patient.properties (The system cannot find the path specified)">
      <![CDATA[java.io.FileNotFoundException: D:\Automation New\Workspace\ProviderPortalAuto\src\test\resources\Properties\Patient.properties (The system cannot find the path specified)
at java.base/java.io.FileInputStream.open0(Native Method)
at java.base/java.io.FileInputStream.open(FileInputStream.java:213)
at java.base/java.io.FileInputStream.<init>(FileInputStream.java:152)
at java.base/java.io.FileInputStream.<init>(FileInputStream.java:106)
at java.base/java.io.FileReader.<init>(FileReader.java:60)
at POM.Add_Patient_pg.emergency_contact_details(Add_Patient_pg.java:87)
at Test.Add_Patient.add_Emergency_details1(Add_Patient.java:70)
at java.base/java.util.ArrayList.forEach(ArrayList.java:1596)
... Removed 26 stack frames]]>
    </failure>
  </testcase> <!-- add_Emergency_details1 -->
  <testcase classname="Test.Add_Patient" name="confirm_details1" time="0.3"/>
  <testcase classname="Test.Add_Patient" name="save_details" time="5.253"/>
</testsuite> <!-- AddPatient -->
